<?xml version="1.0" encoding="UTF-8"?>
<testng-results skipped="0" failed="0" ignored="0" total="2" passed="2">
  <reporter-output>
  </reporter-output>
  <suite name="Suite" duration-ms="73" started-at="2022-01-17T10:28:36 IST" finished-at="2022-01-17T10:28:36 IST">
    <groups>
    </groups>
    <test name="Test" duration-ms="73" started-at="2022-01-17T10:28:36 IST" finished-at="2022-01-17T10:28:36 IST">
      <class name="com.sdet.AppTest">
        <test-method status="PASS" signature="testLogin1()[pri:0, instance:com.sdet.AppTest@6d78f375]" name="testLogin1" duration-ms="16" started-at="2022-01-17T10:28:36 IST" finished-at="2022-01-17T10:28:36 IST">
          <reporter-output>
          </reporter-output>
        </test-method> <!-- testLogin1 -->
        <test-method status="PASS" signature="testLogin2()[pri:0, instance:com.sdet.AppTest@6d78f375]" name="testLogin2" duration-ms="0" started-at="2022-01-17T10:28:36 IST" finished-at="2022-01-17T10:28:36 IST">
          <reporter-output>
          </reporter-output>
        </test-method> <!-- testLogin2 -->
      </class> <!-- com.sdet.AppTest -->
    </test> <!-- Test -->
  </suite> <!-- Suite -->
</testng-results>
