<?xml version="1.0" encoding="UTF-8"?>
<testng-results skipped="0" failed="0" total="2" passed="2">
  <reporter-output>
  </reporter-output>
  <suite name="Suite" duration-ms="36" started-at="2022-01-16T09:01:37Z" finished-at="2022-01-16T09:01:37Z">
    <groups>
    </groups>
    <test name="Test" duration-ms="36" started-at="2022-01-16T09:01:37Z" finished-at="2022-01-16T09:01:37Z">
      <class name="com.sdet.AppTest">
        <test-method status="PASS" signature="testLogin1()[pri:0, instance:com.sdet.AppTest@71f2a7d5]" name="testLogin1" duration-ms="20" started-at="2022-01-16T14:31:37Z" finished-at="2022-01-16T14:31:37Z">
          <reporter-output>
          </reporter-output>
        </test-method> <!-- testLogin1 -->
        <test-method status="PASS" signature="testLogin2()[pri:0, instance:com.sdet.AppTest@71f2a7d5]" name="testLogin2" duration-ms="0" started-at="2022-01-16T14:31:37Z" finished-at="2022-01-16T14:31:37Z">
          <reporter-output>
          </reporter-output>
        </test-method> <!-- testLogin2 -->
      </class> <!-- com.sdet.AppTest -->
    </test> <!-- Test -->
  </suite> <!-- Suite -->
</testng-results>
